!SESSION 2013-10-06 16:19:48.147 -----------------------------------------------
eclipse.buildId=unknown
java.version=1.7.0_25
java.vendor=Oracle Corporation
BootLoader constants: OS=linux, ARCH=x86_64, WS=gtk, NL=en_GB
Framework arguments:  -product org.eclipse.sdk.ide Instances/herald20061222E.txt
Command-line arguments:  -product org.eclipse.sdk.ide -data /users/level4/1003819k/workspace/../runtime-EclipseApplication -dev file:/users/level4/1003819k/workspace/.metadata/.plugins/org.eclipse.pde.core/Eclipse Application/dev.properties Instances/herald20061222E.txt -os linux -ws gtk -arch x86_64 -consoleLog

!ENTRY org.eclipse.equinox.app 0 0 2013-10-06 16:19:50.892
!MESSAGE Product org.eclipse.sdk.ide could not be found.

!ENTRY org.eclipse.osgi 4 0 2013-10-06 16:19:51.149
!MESSAGE Application error
!STACK 1
java.lang.RuntimeException: No application id has been found.
	at org.eclipse.equinox.internal.app.EclipseAppContainer.startDefaultApp(EclipseAppContainer.java:242)
	at org.eclipse.equinox.internal.app.MainApplicationLauncher.run(MainApplicationLauncher.java:29)
	at org.eclipse.core.runtime.internal.adaptor.EclipseAppLauncher.runApplication(EclipseAppLauncher.java:110)
	at org.eclipse.core.runtime.internal.adaptor.EclipseAppLauncher.start(EclipseAppLauncher.java:79)
	at org.eclipse.core.runtime.adaptor.EclipseStarter.run(EclipseStarter.java:354)
	at org.eclipse.core.runtime.adaptor.EclipseStarter.run(EclipseStarter.java:181)
	at sun.reflect.NativeMethodAccessorImpl.invoke0(Native Method)
	at sun.reflect.NativeMethodAccessorImpl.invoke(NativeMethodAccessorImpl.java:57)
	at sun.reflect.DelegatingMethodAccessorImpl.invoke(DelegatingMethodAccessorImpl.java:43)
	at java.lang.reflect.Method.invoke(Method.java:606)
	at org.eclipse.equinox.launcher.Main.invokeFramework(Main.java:636)
	at org.eclipse.equinox.launcher.Main.basicRun(Main.java:591)
	at org.eclipse.equinox.launcher.Main.run(Main.java:1450)
	at org.eclipse.equinox.launcher.Main.main(Main.java:1426)
